<?xml version="1.0" encoding="UTF-8"?>
<coverage generated="1602815270186" clover="3.2.0">
  <project timestamp="1602815270186" name="All files">
    <metrics statements="65" coveredstatements="59" conditionals="16" coveredconditionals="13" methods="15" coveredmethods="15" elements="96" coveredelements="87" complexity="0" loc="65" ncloc="65" packages="2" files="3" classes="3"/>
    <package name="src">
      <metrics statements="47" coveredstatements="41" conditionals="12" coveredconditionals="9" methods="9" coveredmethods="9"/>
      <file name="TicTacToeContext.tsx" path="/Users/lukeaskins/Code/tic-tac-toe/src/TicTacToeContext.tsx">
        <metrics statements="47" coveredstatements="41" conditionals="12" coveredconditionals="9" methods="9" coveredmethods="9"/>
        <line num="23" count="1" type="stmt"/>
        <line num="24" count="1" type="stmt"/>
        <line num="27" count="9" type="stmt"/>
        <line num="28" count="9" type="cond" truecount="1" falsecount="1"/>
        <line num="30" count="9" type="stmt"/>
        <line num="31" count="9" type="stmt"/>
        <line num="32" count="9" type="stmt"/>
        <line num="33" count="9" type="stmt"/>
        <line num="43" count="0" type="stmt"/>
        <line num="48" count="15" type="stmt"/>
        <line num="49" count="15" type="stmt"/>
        <line num="51" count="15" type="stmt"/>
        <line num="59" count="152" type="stmt"/>
        <line num="60" count="152" type="cond" truecount="2" falsecount="0"/>
        <line num="61" count="2" type="stmt"/>
        <line num="63" count="150" type="stmt"/>
        <line num="67" count="135" type="stmt"/>
        <line num="68" count="135" type="cond" truecount="1" falsecount="1"/>
        <line num="69" count="0" type="stmt"/>
        <line num="71" count="135" type="stmt"/>
        <line num="76" count="9" type="stmt"/>
        <line num="77" count="9" type="stmt"/>
        <line num="78" count="9" type="stmt"/>
        <line num="79" count="9" type="stmt"/>
        <line num="80" count="9" type="stmt"/>
        <line num="81" count="9" type="stmt"/>
        <line num="82" count="9" type="stmt"/>
        <line num="83" count="9" type="stmt"/>
        <line num="84" count="9" type="stmt"/>
        <line num="85" count="9" type="stmt"/>
        <line num="97" count="9" type="stmt"/>
        <line num="98" count="9" type="stmt"/>
        <line num="99" count="9" type="stmt"/>
        <line num="100" count="9" type="stmt"/>
        <line num="101" count="111" type="stmt"/>
        <line num="102" count="83" type="stmt"/>
        <line num="103" count="72" type="cond" truecount="2" falsecount="0"/>
        <line num="104" count="2" type="stmt"/>
        <line num="105" count="2" type="stmt"/>
        <line num="106" count="2" type="stmt"/>
        <line num="107" count="2" type="stmt"/>
        <line num="108" count="70" type="cond" truecount="1" falsecount="1"/>
        <line num="109" count="0" type="stmt"/>
        <line num="110" count="0" type="stmt"/>
        <line num="111" count="0" type="stmt"/>
        <line num="112" count="0" type="stmt"/>
        <line num="116" count="9" type="stmt"/>
      </file>
    </package>
    <package name="src.components">
      <metrics statements="18" coveredstatements="18" conditionals="4" coveredconditionals="4" methods="6" coveredmethods="6"/>
      <file name="PlayGrid.tsx" path="/Users/lukeaskins/Code/tic-tac-toe/src/components/PlayGrid.tsx">
        <metrics statements="8" coveredstatements="8" conditionals="2" coveredconditionals="2" methods="3" coveredmethods="3"/>
        <line num="9" count="1" type="stmt"/>
        <line num="10" count="7" type="stmt"/>
        <line num="26" count="1" type="stmt"/>
        <line num="27" count="17" type="stmt"/>
        <line num="30" count="17" type="stmt"/>
        <line num="32" count="15" type="stmt"/>
        <line num="38" count="135" type="stmt"/>
        <line num="39" count="135" type="stmt"/>
      </file>
      <file name="Square.tsx" path="/Users/lukeaskins/Code/tic-tac-toe/src/components/Square.tsx">
        <metrics statements="10" coveredstatements="10" conditionals="2" coveredconditionals="2" methods="3" coveredmethods="3"/>
        <line num="7" count="1" type="stmt"/>
        <line num="8" count="6" type="stmt"/>
        <line num="34" count="1" type="stmt"/>
        <line num="35" count="135" type="stmt"/>
        <line num="36" count="135" type="stmt"/>
        <line num="39" count="135" type="stmt"/>
        <line num="40" count="135" type="stmt"/>
        <line num="41" count="14" type="cond" truecount="2" falsecount="0"/>
        <line num="42" count="9" type="stmt"/>
        <line num="45" count="135" type="stmt"/>
      </file>
    </package>
  </project>
</coverage>
