{"/Users/lukeaskins/Code/tic-tac-toe/src/TicTacToeContext.tsx": {"path":"/Users/lukeaskins/Code/tic-tac-toe/src/TicTacToeContext.tsx","statementMap":{"0":{"start":{"line":23,"column":30},"end":{"line":23,"column":94}},"1":{"start":{"line":24,"column":33},"end":{"line":24,"column":102}},"2":{"start":{"line":27,"column":38},"end":{"line":27,"column":43}},"3":{"start":{"line":28,"column":4},"end":{"line":44,"column":5}},"4":{"start":{"line":30,"column":52},"end":{"line":30,"column":61}},"5":{"start":{"line":31,"column":12},"end":{"line":31,"column":60}},"6":{"start":{"line":32,"column":60},"end":{"line":32,"column":92}},"7":{"start":{"line":33,"column":12},"end":{"line":40,"column":14}},"8":{"start":{"line":43,"column":12},"end":{"line":43,"column":25}},"9":{"start":{"line":48,"column":30},"end":{"line":48,"column":72}},"10":{"start":{"line":49,"column":27},"end":{"line":49,"column":88}},"11":{"start":{"line":49,"column":48},"end":{"line":49,"column":67}},"12":{"start":{"line":51,"column":4},"end":{"line":55,"column":6}},"13":{"start":{"line":59,"column":20},"end":{"line":59,"column":59}},"14":{"start":{"line":60,"column":4},"end":{"line":62,"column":5}},"15":{"start":{"line":61,"column":8},"end":{"line":61,"column":76}},"16":{"start":{"line":63,"column":4},"end":{"line":63,"column":19}},"17":{"start":{"line":67,"column":20},"end":{"line":67,"column":62}},"18":{"start":{"line":68,"column":4},"end":{"line":70,"column":5}},"19":{"start":{"line":69,"column":8},"end":{"line":69,"column":76}},"20":{"start":{"line":71,"column":4},"end":{"line":71,"column":19}},"21":{"start":{"line":76,"column":17},"end":{"line":76,"column":59}},"22":{"start":{"line":77,"column":17},"end":{"line":77,"column":59}},"23":{"start":{"line":78,"column":17},"end":{"line":78,"column":59}},"24":{"start":{"line":79,"column":17},"end":{"line":79,"column":59}},"25":{"start":{"line":80,"column":17},"end":{"line":80,"column":59}},"26":{"start":{"line":81,"column":17},"end":{"line":81,"column":59}},"27":{"start":{"line":82,"column":17},"end":{"line":82,"column":59}},"28":{"start":{"line":83,"column":17},"end":{"line":83,"column":59}},"29":{"start":{"line":84,"column":23},"end":{"line":84,"column":71}},"30":{"start":{"line":85,"column":33},"end":{"line":94,"column":5}},"31":{"start":{"line":97,"column":35},"end":{"line":97,"column":37}},"32":{"start":{"line":98,"column":20},"end":{"line":98,"column":25}},"33":{"start":{"line":99,"column":32},"end":{"line":99,"column":34}},"34":{"start":{"line":100,"column":4},"end":{"line":114,"column":7}},"35":{"start":{"line":101,"column":24},"end":{"line":101,"column":85}},"36":{"start":{"line":101,"column":69},"end":{"line":101,"column":84}},"37":{"start":{"line":102,"column":24},"end":{"line":102,"column":85}},"38":{"start":{"line":102,"column":69},"end":{"line":102,"column":84}},"39":{"start":{"line":103,"column":8},"end":{"line":113,"column":9}},"40":{"start":{"line":104,"column":12},"end":{"line":104,"column":33}},"41":{"start":{"line":105,"column":12},"end":{"line":105,"column":30}},"42":{"start":{"line":106,"column":12},"end":{"line":106,"column":49}},"43":{"start":{"line":107,"column":12},"end":{"line":107,"column":29}},"44":{"start":{"line":108,"column":15},"end":{"line":113,"column":9}},"45":{"start":{"line":109,"column":12},"end":{"line":109,"column":33}},"46":{"start":{"line":110,"column":12},"end":{"line":110,"column":30}},"47":{"start":{"line":111,"column":12},"end":{"line":111,"column":49}},"48":{"start":{"line":112,"column":12},"end":{"line":112,"column":29}},"49":{"start":{"line":116,"column":4},"end":{"line":116,"column":51}}},"fnMap":{"0":{"name":"toeReducer","decl":{"start":{"line":26,"column":9},"end":{"line":26,"column":19}},"loc":{"start":{"line":26,"column":73},"end":{"line":45,"column":1}},"line":26},"1":{"name":"TicTacToeDataProvider","decl":{"start":{"line":47,"column":9},"end":{"line":47,"column":30}},"loc":{"start":{"line":47,"column":89},"end":{"line":56,"column":1}},"line":47},"2":{"name":"(anonymous_2)","decl":{"start":{"line":49,"column":41},"end":{"line":49,"column":42}},"loc":{"start":{"line":49,"column":48},"end":{"line":49,"column":67}},"line":49},"3":{"name":"useTicTacToeState","decl":{"start":{"line":58,"column":9},"end":{"line":58,"column":26}},"loc":{"start":{"line":58,"column":29},"end":{"line":64,"column":1}},"line":58},"4":{"name":"useTicTacToeDispatch","decl":{"start":{"line":66,"column":9},"end":{"line":66,"column":29}},"loc":{"start":{"line":66,"column":32},"end":{"line":72,"column":1}},"line":66},"5":{"name":"checkForWinner","decl":{"start":{"line":74,"column":9},"end":{"line":74,"column":23}},"loc":{"start":{"line":74,"column":50},"end":{"line":117,"column":1}},"line":74},"6":{"name":"(anonymous_6)","decl":{"start":{"line":100,"column":23},"end":{"line":100,"column":24}},"loc":{"start":{"line":100,"column":63},"end":{"line":114,"column":5}},"line":100},"7":{"name":"(anonymous_7)","decl":{"start":{"line":101,"column":43},"end":{"line":101,"column":44}},"loc":{"start":{"line":101,"column":69},"end":{"line":101,"column":84}},"line":101},"8":{"name":"(anonymous_8)","decl":{"start":{"line":102,"column":43},"end":{"line":102,"column":44}},"loc":{"start":{"line":102,"column":69},"end":{"line":102,"column":84}},"line":102}},"branchMap":{"0":{"loc":{"start":{"line":28,"column":4},"end":{"line":44,"column":5}},"type":"switch","locations":[{"start":{"line":29,"column":8},"end":{"line":41,"column":9}},{"start":{"line":42,"column":8},"end":{"line":43,"column":25}}],"line":28},"1":{"loc":{"start":{"line":36,"column":28},"end":{"line":36,"column":58}},"type":"cond-expr","locations":[{"start":{"line":36,"column":49},"end":{"line":36,"column":52}},{"start":{"line":36,"column":55},"end":{"line":36,"column":58}}],"line":36},"2":{"loc":{"start":{"line":60,"column":4},"end":{"line":62,"column":5}},"type":"if","locations":[{"start":{"line":60,"column":4},"end":{"line":62,"column":5}},{"start":{"line":60,"column":4},"end":{"line":62,"column":5}}],"line":60},"3":{"loc":{"start":{"line":68,"column":4},"end":{"line":70,"column":5}},"type":"if","locations":[{"start":{"line":68,"column":4},"end":{"line":70,"column":5}},{"start":{"line":68,"column":4},"end":{"line":70,"column":5}}],"line":68},"4":{"loc":{"start":{"line":103,"column":8},"end":{"line":113,"column":9}},"type":"if","locations":[{"start":{"line":103,"column":8},"end":{"line":113,"column":9}},{"start":{"line":103,"column":8},"end":{"line":113,"column":9}}],"line":103},"5":{"loc":{"start":{"line":108,"column":15},"end":{"line":113,"column":9}},"type":"if","locations":[{"start":{"line":108,"column":15},"end":{"line":113,"column":9}},{"start":{"line":108,"column":15},"end":{"line":113,"column":9}}],"line":108}},"s":{"0":1,"1":1,"2":9,"3":9,"4":9,"5":9,"6":9,"7":9,"8":0,"9":15,"10":15,"11":15,"12":15,"13":152,"14":152,"15":2,"16":150,"17":135,"18":135,"19":0,"20":135,"21":9,"22":9,"23":9,"24":9,"25":9,"26":9,"27":9,"28":9,"29":9,"30":9,"31":9,"32":9,"33":9,"34":9,"35":72,"36":111,"37":72,"38":83,"39":72,"40":2,"41":2,"42":2,"43":2,"44":70,"45":0,"46":0,"47":0,"48":0,"49":9},"f":{"0":9,"1":15,"2":15,"3":152,"4":135,"5":9,"6":72,"7":111,"8":83},"b":{"0":[9,0],"1":[6,3],"2":[2,150],"3":[0,135],"4":[2,70],"5":[0,70]},"_coverageSchema":"43e27e138ebf9cfc5966b082cf9a028302ed4184","hash":"9e36ddeb31b14b755044f216d8eeab658ef5fd68"}
,"/Users/lukeaskins/Code/tic-tac-toe/src/components/PlayGrid.tsx": {"path":"/Users/lukeaskins/Code/tic-tac-toe/src/components/PlayGrid.tsx","statementMap":{"0":{"start":{"line":9,"column":18},"end":{"line":24,"column":2}},"1":{"start":{"line":10,"column":4},"end":{"line":23,"column":6}},"2":{"start":{"line":26,"column":17},"end":{"line":44,"column":1}},"3":{"start":{"line":27,"column":48},"end":{"line":27,"column":59}},"4":{"start":{"line":30,"column":8},"end":{"line":30,"column":27}},"5":{"start":{"line":32,"column":4},"end":{"line":43,"column":6}},"6":{"start":{"line":38,"column":32},"end":{"line":38,"column":46}},"7":{"start":{"line":39,"column":20},"end":{"line":39,"column":75}}},"fnMap":{"0":{"name":"(anonymous_0)","decl":{"start":{"line":9,"column":29},"end":{"line":9,"column":30}},"loc":{"start":{"line":9,"column":35},"end":{"line":24,"column":1}},"line":9},"1":{"name":"(anonymous_1)","decl":{"start":{"line":26,"column":17},"end":{"line":26,"column":18}},"loc":{"start":{"line":26,"column":23},"end":{"line":44,"column":1}},"line":26},"2":{"name":"(anonymous_2)","decl":{"start":{"line":37,"column":31},"end":{"line":37,"column":32}},"loc":{"start":{"line":37,"column":48},"end":{"line":40,"column":17}},"line":37}},"branchMap":{"0":{"loc":{"start":{"line":35,"column":13},"end":{"line":35,"column":108}},"type":"cond-expr","locations":[{"start":{"line":35,"column":25},"end":{"line":35,"column":101}},{"start":{"line":35,"column":104},"end":{"line":35,"column":108}}],"line":35}},"s":{"0":1,"1":7,"2":1,"3":17,"4":17,"5":15,"6":135,"7":135},"f":{"0":7,"1":17,"2":135},"b":{"0":[2,13]},"_coverageSchema":"43e27e138ebf9cfc5966b082cf9a028302ed4184","hash":"afe0e3b90a0bc3227fa7c9882970416c894a3703"}
,"/Users/lukeaskins/Code/tic-tac-toe/src/components/Square.tsx": {"path":"/Users/lukeaskins/Code/tic-tac-toe/src/components/Square.tsx","statementMap":{"0":{"start":{"line":7,"column":18},"end":{"line":27,"column":2}},"1":{"start":{"line":8,"column":4},"end":{"line":26,"column":6}},"2":{"start":{"line":34,"column":15},"end":{"line":52,"column":1}},"3":{"start":{"line":35,"column":49},"end":{"line":35,"column":60}},"4":{"start":{"line":36,"column":25},"end":{"line":36,"column":47}},"5":{"start":{"line":39,"column":8},"end":{"line":39,"column":27}},"6":{"start":{"line":40,"column":24},"end":{"line":43,"column":5}},"7":{"start":{"line":41,"column":8},"end":{"line":41,"column":30}},"8":{"start":{"line":41,"column":23},"end":{"line":41,"column":30}},"9":{"start":{"line":42,"column":8},"end":{"line":42,"column":83}},"10":{"start":{"line":45,"column":4},"end":{"line":51,"column":6}}},"fnMap":{"0":{"name":"(anonymous_0)","decl":{"start":{"line":7,"column":29},"end":{"line":7,"column":30}},"loc":{"start":{"line":7,"column":35},"end":{"line":27,"column":1}},"line":7},"1":{"name":"(anonymous_1)","decl":{"start":{"line":34,"column":15},"end":{"line":34,"column":16}},"loc":{"start":{"line":34,"column":49},"end":{"line":52,"column":1}},"line":34},"2":{"name":"(anonymous_2)","decl":{"start":{"line":40,"column":24},"end":{"line":40,"column":25}},"loc":{"start":{"line":40,"column":30},"end":{"line":43,"column":5}},"line":40}},"branchMap":{"0":{"loc":{"start":{"line":41,"column":8},"end":{"line":41,"column":30}},"type":"if","locations":[{"start":{"line":41,"column":8},"end":{"line":41,"column":30}},{"start":{"line":41,"column":8},"end":{"line":41,"column":30}}],"line":41}},"s":{"0":1,"1":6,"2":1,"3":135,"4":135,"5":135,"6":135,"7":14,"8":5,"9":9,"10":135},"f":{"0":6,"1":135,"2":14},"b":{"0":[5,9]},"_coverageSchema":"43e27e138ebf9cfc5966b082cf9a028302ed4184","hash":"f3d0d8d632dc175ea8dff1ed812e474307019e90"}
}
