TN:
SF:/Users/lukeaskins/Code/tic-tac-toe/src/TicTacToeContext.tsx
FN:26,toeReducer
FN:47,TicTacToeDataProvider
FN:49,(anonymous_2)
FN:58,useTicTacToeState
FN:66,useTicTacToeDispatch
FN:74,checkForWinner
FN:100,(anonymous_6)
FN:101,(anonymous_7)
FN:102,(anonymous_8)
FNF:9
FNH:9
FNDA:9,toeReducer
FNDA:15,TicTacToeDataProvider
FNDA:15,(anonymous_2)
FNDA:152,useTicTacToeState
FNDA:135,useTicTacToeDispatch
FNDA:9,checkForWinner
FNDA:72,(anonymous_6)
FNDA:111,(anonymous_7)
FNDA:83,(anonymous_8)
DA:23,1
DA:24,1
DA:27,9
DA:28,9
DA:30,9
DA:31,9
DA:32,9
DA:33,9
DA:43,0
DA:48,15
DA:49,15
DA:51,15
DA:59,152
DA:60,152
DA:61,2
DA:63,150
DA:67,135
DA:68,135
DA:69,0
DA:71,135
DA:76,9
DA:77,9
DA:78,9
DA:79,9
DA:80,9
DA:81,9
DA:82,9
DA:83,9
DA:84,9
DA:85,9
DA:97,9
DA:98,9
DA:99,9
DA:100,9
DA:101,111
DA:102,83
DA:103,72
DA:104,2
DA:105,2
DA:106,2
DA:107,2
DA:108,70
DA:109,0
DA:110,0
DA:111,0
DA:112,0
DA:116,9
LF:47
LH:41
BRDA:28,0,0,9
BRDA:28,0,1,0
BRDA:36,1,0,6
BRDA:36,1,1,3
BRDA:60,2,0,2
BRDA:60,2,1,150
BRDA:68,3,0,0
BRDA:68,3,1,135
BRDA:103,4,0,2
BRDA:103,4,1,70
BRDA:108,5,0,0
BRDA:108,5,1,70
BRF:12
BRH:9
end_of_record
TN:
SF:/Users/lukeaskins/Code/tic-tac-toe/src/components/PlayGrid.tsx
FN:9,(anonymous_0)
FN:26,(anonymous_1)
FN:37,(anonymous_2)
FNF:3
FNH:3
FNDA:7,(anonymous_0)
FNDA:17,(anonymous_1)
FNDA:135,(anonymous_2)
DA:9,1
DA:10,7
DA:26,1
DA:27,17
DA:30,17
DA:32,15
DA:38,135
DA:39,135
LF:8
LH:8
BRDA:35,0,0,2
BRDA:35,0,1,13
BRF:2
BRH:2
end_of_record
TN:
SF:/Users/lukeaskins/Code/tic-tac-toe/src/components/Square.tsx
FN:7,(anonymous_0)
FN:34,(anonymous_1)
FN:40,(anonymous_2)
FNF:3
FNH:3
FNDA:6,(anonymous_0)
FNDA:135,(anonymous_1)
FNDA:14,(anonymous_2)
DA:7,1
DA:8,6
DA:34,1
DA:35,135
DA:36,135
DA:39,135
DA:40,135
DA:41,14
DA:42,9
DA:45,135
LF:10
LH:10
BRDA:41,0,0,5
BRDA:41,0,1,9
BRF:2
BRH:2
end_of_record
